<?xml version="1.0" encoding="UTF-8"?>
<testng-results ignored="0" total="4" passed="4" failed="0" skipped="0">
  <reporter-output>
  </reporter-output>
  <suite started-at="2022-03-09T18:35:30 IST" name="AmazonSuite" finished-at="2022-03-09T18:38:47 IST" duration-ms="196981">
    <groups>
    </groups>
    <test started-at="2022-03-09T18:35:30 IST" name="ChromeTest" finished-at="2022-03-09T18:37:08 IST" duration-ms="97174">
      <class name="test.TestNgClassAmazon1">
        <test-method is-config="true" signature="selectBrowser(java.lang.String)[pri:0, instance:test.TestNgClassAmazon1@6babf3bf]" started-at="2022-03-09T18:35:34 IST" name="selectBrowser" finished-at="2022-03-09T18:35:37 IST" duration-ms="2571" status="PASS">
          <params>
            <param index="0">
              <value>
                <![CDATA[Chrome]]>
              </value>
            </param>
          </params>
          <reporter-output>
          </reporter-output>
        </test-method> <!-- selectBrowser -->
        <test-method is-config="true" signature="createPomObject()[pri:0, instance:test.TestNgClassAmazon1@6babf3bf]" started-at="2022-03-09T18:35:37 IST" name="createPomObject" finished-at="2022-03-09T18:35:37 IST" duration-ms="168" status="PASS">
          <reporter-output>
          </reporter-output>
        </test-method> <!-- createPomObject -->
        <test-method is-config="true" signature="enterUrl()[pri:0, instance:test.TestNgClassAmazon1@6babf3bf]" started-at="2022-03-09T18:35:37 IST" name="enterUrl" finished-at="2022-03-09T18:35:43 IST" duration-ms="6177" status="PASS">
          <reporter-output>
          </reporter-output>
        </test-method> <!-- enterUrl -->
        <test-method signature="test()[pri:0, instance:test.TestNgClassAmazon1@6babf3bf]" started-at="2022-03-09T18:35:43 IST" name="test" finished-at="2022-03-09T18:36:21 IST" duration-ms="37436" status="PASS">
          <reporter-output>
          </reporter-output>
        </test-method> <!-- test -->
        <test-method is-config="true" signature="navigateToUrl()[pri:0, instance:test.TestNgClassAmazon1@6babf3bf]" started-at="2022-03-09T18:36:21 IST" name="navigateToUrl" finished-at="2022-03-09T18:36:24 IST" duration-ms="2674" status="PASS">
          <reporter-output>
          </reporter-output>
        </test-method> <!-- navigateToUrl -->
        <test-method is-config="true" signature="clearPomObject()[pri:0, instance:test.TestNgClassAmazon1@6babf3bf]" started-at="2022-03-09T18:36:24 IST" name="clearPomObject" finished-at="2022-03-09T18:36:24 IST" duration-ms="1" status="PASS">
          <reporter-output>
          </reporter-output>
        </test-method> <!-- clearPomObject -->
        <test-method is-config="true" signature="closeBrowser()[pri:0, instance:test.TestNgClassAmazon1@6babf3bf]" started-at="2022-03-09T18:37:07 IST" name="closeBrowser" finished-at="2022-03-09T18:37:08 IST" duration-ms="777" status="PASS">
          <reporter-output>
          </reporter-output>
        </test-method> <!-- closeBrowser -->
      </class> <!-- test.TestNgClassAmazon1 -->
      <class name="test.AmazonTestNgClass2">
        <test-method is-config="true" signature="selectBrowser(java.lang.String)[pri:0, instance:test.AmazonTestNgClass2@1e683a3e]" started-at="2022-03-09T18:35:30 IST" name="selectBrowser" finished-at="2022-03-09T18:35:34 IST" duration-ms="4017" status="PASS">
          <params>
            <param index="0">
              <value>
                <![CDATA[Chrome]]>
              </value>
            </param>
          </params>
          <reporter-output>
          </reporter-output>
        </test-method> <!-- selectBrowser -->
        <test-method is-config="true" signature="CreateObjectOfPomClasses()[pri:0, instance:test.AmazonTestNgClass2@1e683a3e]" started-at="2022-03-09T18:35:37 IST" name="CreateObjectOfPomClasses" finished-at="2022-03-09T18:35:37 IST" duration-ms="159" status="PASS">
          <reporter-output>
          </reporter-output>
        </test-method> <!-- CreateObjectOfPomClasses -->
        <test-method is-config="true" signature="enterUrl()[pri:0, instance:test.AmazonTestNgClass2@1e683a3e]" started-at="2022-03-09T18:35:37 IST" name="enterUrl" finished-at="2022-03-09T18:35:43 IST" duration-ms="5780" status="PASS">
          <reporter-output>
          </reporter-output>
        </test-method> <!-- enterUrl -->
        <test-method signature="test1275376()[pri:0, instance:test.AmazonTestNgClass2@1e683a3e]" started-at="2022-03-09T18:35:43 IST" name="test1275376" finished-at="2022-03-09T18:36:58 IST" duration-ms="74976" status="PASS">
          <reporter-output>
          </reporter-output>
        </test-method> <!-- test1275376 -->
        <test-method is-config="true" signature="navigateToUrl()[pri:0, instance:test.AmazonTestNgClass2@1e683a3e]" started-at="2022-03-09T18:36:58 IST" name="navigateToUrl" finished-at="2022-03-09T18:37:05 IST" duration-ms="7246" status="PASS">
          <reporter-output>
          </reporter-output>
        </test-method> <!-- navigateToUrl -->
        <test-method is-config="true" signature="clearPomObject()[pri:0, instance:test.AmazonTestNgClass2@1e683a3e]" started-at="2022-03-09T18:37:05 IST" name="clearPomObject" finished-at="2022-03-09T18:37:05 IST" duration-ms="1" status="PASS">
          <reporter-output>
          </reporter-output>
        </test-method> <!-- clearPomObject -->
        <test-method is-config="true" signature="browserClose()[pri:0, instance:test.AmazonTestNgClass2@1e683a3e]" started-at="2022-03-09T18:37:05 IST" name="browserClose" finished-at="2022-03-09T18:37:07 IST" duration-ms="1531" status="PASS">
          <reporter-output>
          </reporter-output>
        </test-method> <!-- browserClose -->
      </class> <!-- test.AmazonTestNgClass2 -->
    </test> <!-- ChromeTest -->
    <test started-at="2022-03-09T18:37:08 IST" name="OperaTest" finished-at="2022-03-09T18:38:47 IST" duration-ms="99663">
      <class name="test.TestNgClassAmazon1">
        <test-method is-config="true" signature="selectBrowser(java.lang.String)[pri:0, instance:test.TestNgClassAmazon1@7e7be63f]" started-at="2022-03-09T18:37:13 IST" name="selectBrowser" finished-at="2022-03-09T18:37:17 IST" duration-ms="3851" status="PASS">
          <params>
            <param index="0">
              <value>
                <![CDATA[Opera]]>
              </value>
            </param>
          </params>
          <reporter-output>
          </reporter-output>
        </test-method> <!-- selectBrowser -->
        <test-method is-config="true" signature="createPomObject()[pri:0, instance:test.TestNgClassAmazon1@7e7be63f]" started-at="2022-03-09T18:37:17 IST" name="createPomObject" finished-at="2022-03-09T18:37:17 IST" duration-ms="4" status="PASS">
          <reporter-output>
          </reporter-output>
        </test-method> <!-- createPomObject -->
        <test-method is-config="true" signature="enterUrl()[pri:0, instance:test.TestNgClassAmazon1@7e7be63f]" started-at="2022-03-09T18:37:17 IST" name="enterUrl" finished-at="2022-03-09T18:37:24 IST" duration-ms="7346" status="PASS">
          <reporter-output>
          </reporter-output>
        </test-method> <!-- enterUrl -->
        <test-method signature="test()[pri:0, instance:test.TestNgClassAmazon1@7e7be63f]" started-at="2022-03-09T18:37:24 IST" name="test" finished-at="2022-03-09T18:38:01 IST" duration-ms="36739" status="PASS">
          <reporter-output>
          </reporter-output>
        </test-method> <!-- test -->
        <test-method is-config="true" signature="navigateToUrl()[pri:0, instance:test.TestNgClassAmazon1@7e7be63f]" started-at="2022-03-09T18:38:01 IST" name="navigateToUrl" finished-at="2022-03-09T18:38:05 IST" duration-ms="4419" status="PASS">
          <reporter-output>
          </reporter-output>
        </test-method> <!-- navigateToUrl -->
        <test-method is-config="true" signature="clearPomObject()[pri:0, instance:test.TestNgClassAmazon1@7e7be63f]" started-at="2022-03-09T18:38:05 IST" name="clearPomObject" finished-at="2022-03-09T18:38:05 IST" duration-ms="0" status="PASS">
          <reporter-output>
          </reporter-output>
        </test-method> <!-- clearPomObject -->
        <test-method is-config="true" signature="closeBrowser()[pri:0, instance:test.TestNgClassAmazon1@7e7be63f]" started-at="2022-03-09T18:38:46 IST" name="closeBrowser" finished-at="2022-03-09T18:38:47 IST" duration-ms="1182" status="PASS">
          <reporter-output>
          </reporter-output>
        </test-method> <!-- closeBrowser -->
      </class> <!-- test.TestNgClassAmazon1 -->
      <class name="test.AmazonTestNgClass2">
        <test-method is-config="true" signature="selectBrowser(java.lang.String)[pri:0, instance:test.AmazonTestNgClass2@6cd28fa7]" started-at="2022-03-09T18:37:08 IST" name="selectBrowser" finished-at="2022-03-09T18:37:13 IST" duration-ms="4899" status="PASS">
          <params>
            <param index="0">
              <value>
                <![CDATA[Opera]]>
              </value>
            </param>
          </params>
          <reporter-output>
          </reporter-output>
        </test-method> <!-- selectBrowser -->
        <test-method is-config="true" signature="CreateObjectOfPomClasses()[pri:0, instance:test.AmazonTestNgClass2@6cd28fa7]" started-at="2022-03-09T18:37:17 IST" name="CreateObjectOfPomClasses" finished-at="2022-03-09T18:37:17 IST" duration-ms="8" status="PASS">
          <reporter-output>
          </reporter-output>
        </test-method> <!-- CreateObjectOfPomClasses -->
        <test-method is-config="true" signature="enterUrl()[pri:0, instance:test.AmazonTestNgClass2@6cd28fa7]" started-at="2022-03-09T18:37:17 IST" name="enterUrl" finished-at="2022-03-09T18:37:24 IST" duration-ms="7253" status="PASS">
          <reporter-output>
          </reporter-output>
        </test-method> <!-- enterUrl -->
        <test-method signature="test1275376()[pri:0, instance:test.AmazonTestNgClass2@6cd28fa7]" started-at="2022-03-09T18:37:24 IST" name="test1275376" finished-at="2022-03-09T18:38:38 IST" duration-ms="74163" status="PASS">
          <reporter-output>
          </reporter-output>
        </test-method> <!-- test1275376 -->
        <test-method is-config="true" signature="navigateToUrl()[pri:0, instance:test.AmazonTestNgClass2@6cd28fa7]" started-at="2022-03-09T18:38:38 IST" name="navigateToUrl" finished-at="2022-03-09T18:38:45 IST" duration-ms="6965" status="PASS">
          <reporter-output>
          </reporter-output>
        </test-method> <!-- navigateToUrl -->
        <test-method is-config="true" signature="clearPomObject()[pri:0, instance:test.AmazonTestNgClass2@6cd28fa7]" started-at="2022-03-09T18:38:45 IST" name="clearPomObject" finished-at="2022-03-09T18:38:45 IST" duration-ms="0" status="PASS">
          <reporter-output>
          </reporter-output>
        </test-method> <!-- clearPomObject -->
        <test-method is-config="true" signature="browserClose()[pri:0, instance:test.AmazonTestNgClass2@6cd28fa7]" started-at="2022-03-09T18:38:45 IST" name="browserClose" finished-at="2022-03-09T18:38:46 IST" duration-ms="1313" status="PASS">
          <reporter-output>
          </reporter-output>
        </test-method> <!-- browserClose -->
      </class> <!-- test.AmazonTestNgClass2 -->
    </test> <!-- OperaTest -->
  </suite> <!-- AmazonSuite -->
</testng-results>
